::1 - - [12/Nov/2022:07:17:39 +0000] "GET /users/ HTTP/1.1" 200 498 "-" "PostmanRuntime/7.29.2"
::1 - - [12/Nov/2022:07:21:34 +0000] "GET /users/b37d3377-60fb-4b1b-a269-3245a3833e18 HTTP/1.1" 200 130 "-" "PostmanRuntime/7.29.2"
::1 - - [12/Nov/2022:07:23:04 +0000] "GET /users HTTP/1.1" 200 498 "-" "PostmanRuntime/7.29.2"
::1 - - [12/Nov/2022:07:23:15 +0000] "POST /users/login HTTP/1.1" - - "-" "PostmanRuntime/7.29.2"
::1 - - [12/Nov/2022:07:23:17 +0000] "POST /users/login HTTP/1.1" - - "-" "PostmanRuntime/7.29.2"
::1 - - [12/Nov/2022:07:24:49 +0000] "POST /users/login HTTP/1.1" - - "-" "PostmanRuntime/7.29.2"
::1 - - [12/Nov/2022:09:38:30 +0000] "POST /users/register HTTP/1.1" 200 223 "-" "PostmanRuntime/7.29.2"
::1 - - [12/Nov/2022:09:46:02 +0000] "POST /users/register HTTP/1.1" 200 224 "-" "PostmanRuntime/7.29.2"
::1 - - [12/Nov/2022:09:52:54 +0000] "POST /users/login HTTP/1.1" - - "-" "PostmanRuntime/7.29.2"
::1 - - [12/Nov/2022:10:20:26 +0000] "POST /users/login HTTP/1.1" - - "-" "PostmanRuntime/7.29.2"
::1 - - [12/Nov/2022:15:10:15 +0000] "POST /users/login HTTP/1.1" - - "-" "PostmanRuntime/7.29.2"
::1 - - [12/Nov/2022:15:10:44 +0000] "POST /users/login HTTP/1.1" - - "-" "PostmanRuntime/7.29.2"
::1 - - [12/Nov/2022:15:10:46 +0000] "POST /users/login HTTP/1.1" - - "-" "PostmanRuntime/7.29.2"
::1 - - [12/Nov/2022:15:12:12 +0000] "POST /users/login HTTP/1.1" 200 11 "-" "PostmanRuntime/7.29.2"
::1 - - [12/Nov/2022:15:12:19 +0000] "GET /users HTTP/1.1" 200 651 "-" "PostmanRuntime/7.29.2"
::1 - - [12/Nov/2022:15:12:35 +0000] "POST /users/login HTTP/1.1" 200 159 "-" "PostmanRuntime/7.29.2"
::1 - - [12/Nov/2022:15:36:33 +0000] "POST /users/login HTTP/1.1" 200 166 "-" "PostmanRuntime/7.29.2"
::1 - - [12/Nov/2022:15:36:55 +0000] "POST /users/login HTTP/1.1" 200 150 "-" "PostmanRuntime/7.29.2"
::1 - - [12/Nov/2022:15:37:12 +0000] "POST /users/login HTTP/1.1" 200 76 "-" "PostmanRuntime/7.29.2"
::1 - - [12/Nov/2022:15:37:29 +0000] "POST /users/login HTTP/1.1" 400 67 "-" "PostmanRuntime/7.29.2"
::1 - - [12/Nov/2022:15:37:36 +0000] "POST /users/login HTTP/1.1" 200 150 "-" "PostmanRuntime/7.29.2"
::1 - - [12/Nov/2022:15:53:41 +0000] "POST /users/login HTTP/1.1" 505 46 "-" "PostmanRuntime/7.29.2"
::1 - - [12/Nov/2022:15:54:42 +0000] "POST /users/login HTTP/1.1" 505 46 "-" "PostmanRuntime/7.29.2"
::1 - - [12/Nov/2022:15:57:52 +0000] "DELETE /message/delete/all HTTP/1.1" 400 45 "-" "PostmanRuntime/7.29.2"
::1 - - [12/Nov/2022:15:57:54 +0000] "DELETE /message/delete/all HTTP/1.1" 400 45 "-" "PostmanRuntime/7.29.2"
::1 - - [12/Nov/2022:15:58:32 +0000] "DELETE /users/delete/all HTTP/1.1" 404 158 "-" "PostmanRuntime/7.29.2"
::1 - - [12/Nov/2022:15:59:01 +0000] "DELETE /users/all HTTP/1.1" - - "-" "PostmanRuntime/7.29.2"
::1 - - [12/Nov/2022:15:59:29 +0000] "DELETE /users/all HTTP/1.1" - - "-" "PostmanRuntime/7.29.2"
::1 - - [12/Nov/2022:15:59:32 +0000] "GET /users HTTP/1.1" 200 50 "-" "PostmanRuntime/7.29.2"
::1 - - [12/Nov/2022:16:00:59 +0000] "POST /users/register HTTP/1.1" 200 224 "-" "PostmanRuntime/7.29.2"
::1 - - [12/Nov/2022:16:01:02 +0000] "POST /users/register HTTP/1.1" 200 79 "-" "PostmanRuntime/7.29.2"
::1 - - [12/Nov/2022:16:01:09 +0000] "POST /users/register HTTP/1.1" 200 225 "-" "PostmanRuntime/7.29.2"
::1 - - [12/Nov/2022:16:01:14 +0000] "POST /users/register HTTP/1.1" 200 225 "-" "PostmanRuntime/7.29.2"
::1 - - [12/Nov/2022:16:01:17 +0000] "POST /users/login HTTP/1.1" 505 46 "-" "PostmanRuntime/7.29.2"
::1 - - [12/Nov/2022:16:02:04 +0000] "POST /users/login HTTP/1.1" 400 66 "-" "PostmanRuntime/7.29.2"
::1 - - [12/Nov/2022:16:09:15 +0000] "POST /users/login HTTP/1.1" 400 66 "-" "PostmanRuntime/7.29.2"
::1 - - [12/Nov/2022:16:09:24 +0000] "POST /users/login HTTP/1.1" 200 150 "-" "PostmanRuntime/7.29.2"
::1 - - [12/Nov/2022:16:09:28 +0000] "POST /users/login HTTP/1.1" 400 67 "-" "PostmanRuntime/7.29.2"
::1 - - [12/Nov/2022:18:15:24 +0000] "POST /users/register HTTP/1.1" 505 46 "-" "PostmanRuntime/7.29.2"
::1 - - [12/Nov/2022:18:44:35 +0000] "GET /users HTTP/1.1" 200 282 "-" "PostmanRuntime/7.29.2"
::1 - - [12/Nov/2022:18:45:29 +0000] "PATCH /users/33076f70-62a3-11ed-8bca-6fc16f477fec HTTP/1.1" 505 46 "-" "PostmanRuntime/7.29.2"
::1 - - [12/Nov/2022:18:46:25 +0000] "PATCH /users/33076f70-62a3-11ed-8bca-6fc16f477fec HTTP/1.1" 505 46 "-" "PostmanRuntime/7.29.2"
::1 - - [12/Nov/2022:18:47:01 +0000] "PATCH /users/33076f70-62a3-11ed-8bca-6fc16f477fec HTTP/1.1" 505 46 "-" "PostmanRuntime/7.29.2"
::1 - - [12/Nov/2022:18:47:31 +0000] "PATCH /users/33076f70-62a3-11ed-8bca-6fc16f477fec HTTP/1.1" 201 208 "-" "PostmanRuntime/7.29.2"
::1 - - [12/Nov/2022:18:47:40 +0000] "GET /users HTTP/1.1" 200 283 "-" "PostmanRuntime/7.29.2"
::1 - - [12/Nov/2022:18:48:02 +0000] "PATCH /users/33076f70-62a3-11ed-8bca-6fc16f477fec HTTP/1.1" 201 209 "-" "PostmanRuntime/7.29.2"
::1 - - [12/Nov/2022:18:48:25 +0000] "PATCH /users/33076f70-62a3-11ed-8bca-6fc16f477fec HTTP/1.1" 201 208 "-" "PostmanRuntime/7.29.2"
::1 - - [12/Nov/2022:18:48:29 +0000] "PATCH /users/33076f70-62a3-11ed-8bca-6fc16f477fec HTTP/1.1" 201 208 "-" "PostmanRuntime/7.29.2"
::1 - - [12/Nov/2022:18:48:32 +0000] "PATCH /users/33076f70-62a3-11ed-8bca-6fc16f477fec HTTP/1.1" 201 208 "-" "PostmanRuntime/7.29.2"
::1 - - [12/Nov/2022:18:48:35 +0000] "PATCH /users/33076f70-62a3-11ed-8bca-6fc16f477fec HTTP/1.1" 201 207 "-" "PostmanRuntime/7.29.2"
::1 - - [12/Nov/2022:18:48:37 +0000] "PATCH /users/33076f70-62a3-11ed-8bca-6fc16f477fec HTTP/1.1" 201 206 "-" "PostmanRuntime/7.29.2"
::1 - - [12/Nov/2022:18:49:31 +0000] "PATCH /users/33076f70-62a3-11ed-8bca-6fc16f477fec HTTP/1.1" 201 205 "-" "PostmanRuntime/7.29.2"
::1 - - [12/Nov/2022:18:49:52 +0000] "PATCH /users/33076f70-62a3-11ed-8bca-6fc16f477fec HTTP/1.1" 201 208 "-" "PostmanRuntime/7.29.2"
::1 - - [12/Nov/2022:18:50:00 +0000] "PATCH /users/33076f70-62a3-11ed-8bca-6fc16f477fec HTTP/1.1" 201 209 "-" "PostmanRuntime/7.29.2"
::1 - - [12/Nov/2022:18:50:08 +0000] "GET /users HTTP/1.1" 200 284 "-" "PostmanRuntime/7.29.2"
