::1 - - [13/Nov/2022:06:54:59 +0000] "GET /users HTTP/1.1" 200 284 "-" "PostmanRuntime/7.29.2"
::1 - - [13/Nov/2022:06:55:14 +0000] "PATCH /users/33076f70-62a3-11ed-8bca-6fc16f477fec HTTP/1.1" 201 210 "-" "PostmanRuntime/7.29.2"
::1 - - [13/Nov/2022:06:56:14 +0000] "PATCH /users/33076f70-62a3-11ed-8bca-6fc16f477fec HTTP/1.1" 201 212 "-" "PostmanRuntime/7.29.2"
::1 - - [13/Nov/2022:06:56:21 +0000] "PATCH /users/33076f70-62a3-11ed-8bca-6fc16f477fec HTTP/1.1" 201 208 "-" "PostmanRuntime/7.29.2"
::1 - - [13/Nov/2022:06:56:29 +0000] "PATCH /users/33076f70-62a3-11ed-8bca-6fc16f477fec HTTP/1.1" 201 208 "-" "PostmanRuntime/7.29.2"
::1 - - [13/Nov/2022:06:56:47 +0000] "PATCH /users/33076f70-62a3-11ed-8bca-6fc16f477fec HTTP/1.1" 201 209 "-" "PostmanRuntime/7.29.2"
::1 - - [13/Nov/2022:06:57:09 +0000] "GET /users HTTP/1.1" 200 284 "-" "PostmanRuntime/7.29.2"
::1 - - [13/Nov/2022:06:57:14 +0000] "PATCH /users/33076f70-62a3-11ed-8bca-6fc16f477fec HTTP/1.1" 201 210 "-" "PostmanRuntime/7.29.2"
::1 - - [13/Nov/2022:06:58:23 +0000] "PATCH /users/33076f70-62a3-11ed-8bca-6fc16f477fec HTTP/1.1" 201 211 "-" "PostmanRuntime/7.29.2"
::1 - - [13/Nov/2022:06:58:27 +0000] "GET /users HTTP/1.1" 200 285 "-" "PostmanRuntime/7.29.2"
::1 - - [13/Nov/2022:06:58:50 +0000] "GET /users HTTP/1.1" 200 285 "-" "PostmanRuntime/7.29.2"
::1 - - [13/Nov/2022:06:58:59 +0000] "PATCH /users/33076f70-62a3-11ed-8bca-6fc16f477fec HTTP/1.1" 201 212 "-" "PostmanRuntime/7.29.2"
::1 - - [13/Nov/2022:07:16:00 +0000] "GET /users HTTP/1.1" 200 286 "-" "PostmanRuntime/7.29.2"
::1 - - [13/Nov/2022:07:16:11 +0000] "PATCH /users/33076f70-62a3-11ed-8bca-6fc16f477fec HTTP/1.1" 400 74 "-" "PostmanRuntime/7.29.2"
::1 - - [13/Nov/2022:07:23:42 +0000] "DELETE /users/33076f70-62a3-11ed-8bca-6fc16f477feca HTTP/1.1" 400 66 "-" "PostmanRuntime/7.29.2"
::1 - - [13/Nov/2022:07:23:47 +0000] "DELETE /users/33076f70-62a3-11ed-8bca-6fc16f477fec HTTP/1.1" 200 151 "-" "PostmanRuntime/7.29.2"
::1 - - [13/Nov/2022:07:23:54 +0000] "GET /users HTTP/1.1" 200 205 "-" "PostmanRuntime/7.29.2"
::1 - - [13/Nov/2022:07:26:40 +0000] "GET /users HTTP/1.1" 200 205 "-" "PostmanRuntime/7.29.2"
::1 - - [13/Nov/2022:07:46:23 +0000] "GET /users HTTP/1.1" 200 205 "-" "PostmanRuntime/7.29.2"
::1 - - [13/Nov/2022:07:46:45 +0000] "PATCH /users/38ff2530-62a3-11ed-8bca-6fc16f477fec HTTP/1.1" 400 83 "-" "PostmanRuntime/7.29.2"
::1 - - [13/Nov/2022:07:48:06 +0000] "GET / HTTP/1.1" 200 36 "-" "PostmanRuntime/7.29.2"
::1 - - [13/Nov/2022:07:48:18 +0000] "GET / HTTP/1.1" 200 37 "-" "PostmanRuntime/7.29.2"
::1 - - [13/Nov/2022:09:55:12 +0000] "POST /users/register HTTP/1.1" 500 46 "-" "PostmanRuntime/7.29.2"
::1 - - [13/Nov/2022:09:55:50 +0000] "POST /users/register HTTP/1.1" 500 46 "-" "PostmanRuntime/7.29.2"
::1 - - [13/Nov/2022:10:05:37 +0000] "POST /users/register HTTP/1.1" 500 46 "-" "PostmanRuntime/7.29.2"
::1 - - [13/Nov/2022:10:06:22 +0000] "POST /users/register HTTP/1.1" 500 46 "-" "PostmanRuntime/7.29.2"
::1 - - [13/Nov/2022:10:07:14 +0000] "POST /users/register HTTP/1.1" 500 46 "-" "PostmanRuntime/7.29.2"
::1 - - [13/Nov/2022:10:07:26 +0000] "POST /users/register HTTP/1.1" 400 425 "-" "PostmanRuntime/7.29.2"
::1 - - [13/Nov/2022:10:10:22 +0000] "POST /users/register HTTP/1.1" 400 425 "-" "PostmanRuntime/7.29.2"
::1 - - [13/Nov/2022:10:11:23 +0000] "POST /users/register HTTP/1.1" 500 46 "-" "PostmanRuntime/7.29.2"
::1 - - [13/Nov/2022:10:11:47 +0000] "POST /users/register HTTP/1.1" 500 46 "-" "PostmanRuntime/7.29.2"
::1 - - [13/Nov/2022:10:12:05 +0000] "POST /users/register HTTP/1.1" 500 46 "-" "PostmanRuntime/7.29.2"
::1 - - [13/Nov/2022:10:18:44 +0000] "POST /users/register HTTP/1.1" 500 46 "-" "PostmanRuntime/7.29.2"
::1 - - [13/Nov/2022:10:19:07 +0000] "POST /users/register HTTP/1.1" 500 46 "-" "PostmanRuntime/7.29.2"
::1 - - [13/Nov/2022:10:19:39 +0000] "POST /users/register HTTP/1.1" 500 46 "-" "PostmanRuntime/7.29.2"
::1 - - [13/Nov/2022:10:20:00 +0000] "POST /users/register HTTP/1.1" 400 425 "-" "PostmanRuntime/7.29.2"
::1 - - [13/Nov/2022:10:26:56 +0000] "POST /users/register HTTP/1.1" undefined 425 "-" "PostmanRuntime/7.29.2"
::1 - - [13/Nov/2022:10:26:58 +0000] "POST /users/register HTTP/1.1" undefined 425 "-" "PostmanRuntime/7.29.2"
::1 - - [13/Nov/2022:10:27:17 +0000] "POST /users/register HTTP/1.1" 100 425 "-" "PostmanRuntime/7.29.2"
::1 - - [13/Nov/2022:10:27:18 +0000] "POST /users/register HTTP/1.1" 100 425 "-" "PostmanRuntime/7.29.2"
::1 - - [13/Nov/2022:10:27:35 +0000] "POST /users/register HTTP/1.1" 200 425 "-" "PostmanRuntime/7.29.2"
::1 - - [13/Nov/2022:10:27:50 +0000] "POST /users/register HTTP/1.1" 200 425 "-" "PostmanRuntime/7.29.2"
::1 - - [13/Nov/2022:10:28:31 +0000] "POST /users/register HTTP/1.1" 403 425 "-" "PostmanRuntime/7.29.2"
::1 - - [13/Nov/2022:10:35:07 +0000] "GET / HTTP/1.1" 200 36 "-" "PostmanRuntime/7.29.2"
::1 - - [13/Nov/2022:10:35:13 +0000] "GET /users HTTP/1.1" 200 205 "-" "PostmanRuntime/7.29.2"
::1 - - [13/Nov/2022:10:35:20 +0000] "POST /users/register HTTP/1.1" 500 46 "-" "PostmanRuntime/7.29.2"
::1 - - [13/Nov/2022:10:35:41 +0000] "POST /users/register HTTP/1.1" 500 46 "-" "PostmanRuntime/7.29.2"
::1 - - [13/Nov/2022:10:35:58 +0000] "POST /users/register HTTP/1.1" 500 46 "-" "PostmanRuntime/7.29.2"
::1 - - [13/Nov/2022:10:36:29 +0000] "POST /users/register HTTP/1.1" 500 46 "-" "PostmanRuntime/7.29.2"
::1 - - [13/Nov/2022:10:37:06 +0000] "POST /users/register HTTP/1.1" 500 46 "-" "PostmanRuntime/7.29.2"
::1 - - [13/Nov/2022:10:39:03 +0000] "POST /users/register HTTP/1.1" 500 46 "-" "PostmanRuntime/7.29.2"
::1 - - [13/Nov/2022:10:40:24 +0000] "POST /users/register HTTP/1.1" 500 46 "-" "PostmanRuntime/7.29.2"
::1 - - [13/Nov/2022:10:42:18 +0000] "POST /users/register HTTP/1.1" 400 66 "-" "PostmanRuntime/7.29.2"
::1 - - [13/Nov/2022:10:42:24 +0000] "POST /users/register HTTP/1.1" 400 423 "-" "PostmanRuntime/7.29.2"
