{
    "error": "TypeError: Cannot set properties of null (setting 'password')",
    "info": {
        "method": "POST",
        "url": "/users/login",
        "ip": "::1",
        "body": {
            "username": "islomHJAJ",
            "password": "islom1231231"
        },
        "date": "2022-11-12T15:53:41.825Z"
    }
}
{
    "error": "TypeError: Cannot set properties of null (setting 'password')",
    "info": {
        "method": "POST",
        "url": "/users/login",
        "ip": "::1",
        "body": {
            "username": "islomHJAJ",
            "password": "islom1231231"
        },
        "date": "2022-11-12T15:54:42.213Z"
    }
}
{
    "error": "TypeError: Cannot set properties of null (setting 'password')",
    "info": {
        "method": "POST",
        "url": "/users/login",
        "ip": "::1",
        "body": {
            "username": "islomHJAJ",
            "password": "islom1231231"
        },
        "date": "2022-11-12T16:01:17.680Z"
    }
}
{
    "error": "ValidationError: username: Username is too short. [5, 40]",
    "info": {
        "method": "POST",
        "url": "/users/register",
        "ip": "::1",
        "body": {
            "username": "i",
            "password": "islom1231231"
        },
        "date": "2022-11-12T18:15:24.051Z"
    }
}
{
    "error": "TypeError: this.userService is not a function",
    "info": {
        "method": "PATCH",
        "url": "/users/33076f70-62a3-11ed-8bca-6fc16f477fec",
        "ip": "::1",
        "body": {
            "username": "blvckeasy"
        },
        "date": "2022-11-12T18:45:29.222Z"
    }
}
{
    "error": "TypeError: this.userService is not a function",
    "info": {
        "method": "PATCH",
        "url": "/users/33076f70-62a3-11ed-8bca-6fc16f477fec",
        "ip": "::1",
        "body": {
            "username": "blvckeasy"
        },
        "date": "2022-11-12T18:46:25.003Z"
    }
}
{
    "error": "TypeError: this.userService is not a function",
    "info": {
        "method": "PATCH",
        "url": "/users/33076f70-62a3-11ed-8bca-6fc16f477fec",
        "ip": "::1",
        "body": {
            "username": "blvckeasy"
        },
        "date": "2022-11-12T18:47:01.665Z"
    }
}
