{
    "error": "ValidationError: username: Username is too short. [5, 40]",
    "info": {
        "method": "POST",
        "url": "/users/register",
        "ip": "::1",
        "body": {
            "username": "i1",
            "password": "islom1231231"
        },
        "date": "2022-11-13T09:55:12.696Z"
    }
}
{
    "error": "ValidationError: username: Username is too short. [5, 40]",
    "info": {
        "method": "POST",
        "url": "/users/register",
        "ip": "::1",
        "body": {
            "username": "i1 ",
            "password": "islom1231231"
        },
        "date": "2022-11-13T09:55:50.301Z"
    }
}
{
    "error": "ValidationError: username: Username is too short. [5, 40]",
    "info": {
        "method": "POST",
        "url": "/users/register",
        "ip": "::1",
        "body": {
            "username": "i1 ",
            "password": "islom1231231"
        },
        "date": "2022-11-13T10:05:37.199Z"
    }
}
{
    "error": "ValidationError: username: Username is too short. [5, 40]",
    "info": {
        "method": "POST",
        "url": "/users/register",
        "ip": "::1",
        "body": {
            "username": "i1",
            "password": "islom1231231"
        },
        "date": "2022-11-13T10:11:23.270Z"
    }
}
{
    "error": "ValidationError: username: Username is too short. [5, 40]",
    "info": {
        "method": "POST",
        "url": "/users/register",
        "ip": "::1",
        "body": {
            "username": "i1",
            "password": "islom1231231"
        },
        "date": "2022-11-13T10:12:05.458Z"
    }
}
{
    "error": "ValidationError: username: Username is too short. [5, 40]",
    "info": {
        "method": "POST",
        "url": "/users/register",
        "ip": "::1",
        "body": {
            "username": "i1",
            "password": "islom1231231"
        },
        "date": "2022-11-13T10:18:44.496Z"
    }
}
{
    "error": "ValidationError: username: Username is too short. [5, 40]",
    "info": {
        "method": "POST",
        "url": "/users/register",
        "ip": "::1",
        "body": {
            "username": "i1",
            "password": "islom1231231"
        },
        "date": "2022-11-13T10:19:07.913Z"
    }
}
{
    "error": "ValidationError: username: Username is too short. [5, 40]",
    "info": {
        "method": "POST",
        "url": "/users/register",
        "ip": "::1",
        "body": {
            "username": "i1",
            "password": "islom1231231"
        },
        "date": "2022-11-13T10:19:39.086Z"
    }
}
{
    "error": "Error",
    "info": {
        "method": "POST",
        "url": "/users/register",
        "ip": "::1",
        "body": {
            "username": "islomHJJ5",
            "password": "islom1231231"
        },
        "date": "2022-11-13T10:35:20.700Z"
    }
}
{
    "error": "Error",
    "info": {
        "method": "POST",
        "url": "/users/register",
        "ip": "::1",
        "body": {
            "username": "islomHJJ5",
            "password": "islom1231231"
        },
        "date": "2022-11-13T10:35:41.794Z"
    }
}
{
    "error": "Error",
    "info": {
        "method": "POST",
        "url": "/users/register",
        "ip": "::1",
        "body": {
            "username": "islomHJJ5",
            "password": "islom1231231"
        },
        "date": "2022-11-13T10:35:58.967Z"
    }
}
{
    "error": "Error",
    "info": {
        "method": "POST",
        "url": "/users/register",
        "ip": "::1",
        "body": {
            "username": "islomHJJ5",
            "password": "islom1231231"
        },
        "date": "2022-11-13T10:36:29.519Z"
    }
}
{
    "error": "Error",
    "info": {
        "method": "POST",
        "url": "/users/register",
        "ip": "::1",
        "body": {
            "username": "islomHJJ5",
            "password": "islom1231231"
        },
        "date": "2022-11-13T10:37:06.815Z"
    }
}
{
    "error": "Error",
    "info": {
        "method": "POST",
        "url": "/users/register",
        "ip": "::1",
        "body": {
            "username": "islomHJJ5",
            "password": "islom1231231"
        },
        "date": "2022-11-13T10:39:03.656Z"
    }
}
{
    "error": "Error",
    "info": {
        "method": "POST",
        "url": "/users/register",
        "ip": "::1",
        "body": {
            "username": "islomHJJ5",
            "password": "islom1231231"
        },
        "date": "2022-11-13T10:40:24.136Z"
    }
}
