{
    "error": 1,
    "info": {
        "method": "DELETE",
        "url": "/message/delete/1",
        "ip": "::1"
    }
}
{
    "error": 1,
    "info": {
        "method": "DELETE",
        "url": "/message/delete/1",
        "ip": "::1"
    }
}
{
    "error": 1,
    "info": {
        "method": "DELETE",
        "url": "/message/delete/1",
        "ip": "::1",
        "date": "2022-11-08T17:12:29.899Z"
    }
}
{
    "error": 1,
    "info": {
        "method": "DELETE",
        "url": "/message/delete/1",
        "ip": "::1",
        "date": "2022-11-08T17:16:30.223Z"
    }
}
{
    "error": 1,
    "info": {
        "method": "DELETE",
        "url": "/message/delete/1",
        "ip": "::1",
        "date": "2022-11-08T17:16:35.261Z"
    }
}
